<?xml version="1.0" encoding="UTF-8"?>
<!-- Generated by org.testng.reporters.JUnitReportReporter -->
<testsuite hostname="Sonali-Lappy" name="com.test.purpose.HandlingWebtable" tests="1" failures="0" timestamp="14 May 2020 16:18:33 GMT" time="22.303" errors="0">
  <testcase name="webtable" time="22.303" classname="com.test.purpose.HandlingWebtable"/>
</testsuite> <!-- com.test.purpose.HandlingWebtable -->
